Analysis & Synthesis report for MMC31_Slave_R2
Tue Oct 27 14:04:53 2020
Quartus Prime Version 18.1.0 Build 625 09/12/2018 SJ Lite Edition


---------------------
; Table of Contents ;
---------------------
  1. Legal Notice
  2. Analysis & Synthesis Summary
  3. Analysis & Synthesis Settings
  4. Parallel Compilation
  5. Analysis & Synthesis Source Files Read
  6. Analysis & Synthesis Resource Usage Summary
  7. Analysis & Synthesis Resource Utilization by Entity
  8. Registers Removed During Synthesis
  9. General Register Statistics
 10. Inverted Register Statistics
 11. Multiplexer Restructuring Statistics (Restructuring Performed)
 12. Parameter Settings for User Entity Instance: GPIOx:inst1
 13. Parameter Settings for User Entity Instance: EMIFx_Interface:inst
 14. Post-Synthesis Netlist Statistics for Top Partition
 15. Elapsed Time Per Partition
 16. Analysis & Synthesis Messages



----------------
; Legal Notice ;
----------------
Copyright (C) 2018  Intel Corporation. All rights reserved.
Your use of Intel Corporation's design tools, logic functions 
and other software and tools, and its AMPP partner logic 
functions, and any output files from any of the foregoing 
(including device programming or simulation files), and any 
associated documentation or information are expressly subject 
to the terms and conditions of the Intel Program License 
Subscription Agreement, the Intel Quartus Prime License Agreement,
the Intel FPGA IP License Agreement, or other applicable license
agreement, including, without limitation, that your use is for
the sole purpose of programming logic devices manufactured by
Intel and sold by Intel or its authorized distributors.  Please
refer to the applicable agreement for further details.



+----------------------------------------------------------------------------------+
; Analysis & Synthesis Summary                                                     ;
+------------------------------------+---------------------------------------------+
; Analysis & Synthesis Status        ; Successful - Tue Oct 27 14:04:53 2020       ;
; Quartus Prime Version              ; 18.1.0 Build 625 09/12/2018 SJ Lite Edition ;
; Revision Name                      ; MMC31_Slave_R2                              ;
; Top-level Entity Name              ; MMC31_Slave_R2                              ;
; Family                             ; Cyclone IV E                                ;
; Total logic elements               ; 43                                          ;
;     Total combinational functions  ; 30                                          ;
;     Dedicated logic registers      ; 30                                          ;
; Total registers                    ; 30                                          ;
; Total pins                         ; 40                                          ;
; Total virtual pins                 ; 0                                           ;
; Total memory bits                  ; 0                                           ;
; Embedded Multiplier 9-bit elements ; 0                                           ;
; Total PLLs                         ; 0                                           ;
+------------------------------------+---------------------------------------------+


+------------------------------------------------------------------------------------------------------------+
; Analysis & Synthesis Settings                                                                              ;
+------------------------------------------------------------------+--------------------+--------------------+
; Option                                                           ; Setting            ; Default Value      ;
+------------------------------------------------------------------+--------------------+--------------------+
; Device                                                           ; EP4CE40F23I8L      ;                    ;
; Top-level entity name                                            ; MMC31_Slave_R2     ; MMC31_Slave_R2     ;
; Family name                                                      ; Cyclone IV E       ; Cyclone V          ;
; Maximum processors allowed for parallel compilation              ; All                ;                    ;
; Use smart compilation                                            ; Off                ; Off                ;
; Enable parallel Assembler and Timing Analyzer during compilation ; On                 ; On                 ;
; Enable compact report table                                      ; Off                ; Off                ;
; Restructure Multiplexers                                         ; Auto               ; Auto               ;
; Create Debugging Nodes for IP Cores                              ; Off                ; Off                ;
; Preserve fewer node names                                        ; On                 ; On                 ;
; Intel FPGA IP Evaluation Mode                                    ; Enable             ; Enable             ;
; Verilog Version                                                  ; Verilog_2001       ; Verilog_2001       ;
; VHDL Version                                                     ; VHDL_1993          ; VHDL_1993          ;
; State Machine Processing                                         ; Auto               ; Auto               ;
; Safe State Machine                                               ; Off                ; Off                ;
; Extract Verilog State Machines                                   ; On                 ; On                 ;
; Extract VHDL State Machines                                      ; On                 ; On                 ;
; Ignore Verilog initial constructs                                ; Off                ; Off                ;
; Iteration limit for constant Verilog loops                       ; 5000               ; 5000               ;
; Iteration limit for non-constant Verilog loops                   ; 250                ; 250                ;
; Add Pass-Through Logic to Inferred RAMs                          ; On                 ; On                 ;
; Infer RAMs from Raw Logic                                        ; On                 ; On                 ;
; Parallel Synthesis                                               ; On                 ; On                 ;
; DSP Block Balancing                                              ; Auto               ; Auto               ;
; NOT Gate Push-Back                                               ; On                 ; On                 ;
; Power-Up Don't Care                                              ; On                 ; On                 ;
; Remove Redundant Logic Cells                                     ; Off                ; Off                ;
; Remove Duplicate Registers                                       ; On                 ; On                 ;
; Ignore CARRY Buffers                                             ; Off                ; Off                ;
; Ignore CASCADE Buffers                                           ; Off                ; Off                ;
; Ignore GLOBAL Buffers                                            ; Off                ; Off                ;
; Ignore ROW GLOBAL Buffers                                        ; Off                ; Off                ;
; Ignore LCELL Buffers                                             ; Off                ; Off                ;
; Ignore SOFT Buffers                                              ; On                 ; On                 ;
; Limit AHDL Integers to 32 Bits                                   ; Off                ; Off                ;
; Optimization Technique                                           ; Balanced           ; Balanced           ;
; Carry Chain Length                                               ; 70                 ; 70                 ;
; Auto Carry Chains                                                ; On                 ; On                 ;
; Auto Open-Drain Pins                                             ; On                 ; On                 ;
; Perform WYSIWYG Primitive Resynthesis                            ; Off                ; Off                ;
; Auto ROM Replacement                                             ; On                 ; On                 ;
; Auto RAM Replacement                                             ; On                 ; On                 ;
; Auto DSP Block Replacement                                       ; On                 ; On                 ;
; Auto Shift Register Replacement                                  ; Auto               ; Auto               ;
; Allow Shift Register Merging across Hierarchies                  ; Auto               ; Auto               ;
; Auto Clock Enable Replacement                                    ; On                 ; On                 ;
; Strict RAM Replacement                                           ; Off                ; Off                ;
; Allow Synchronous Control Signals                                ; On                 ; On                 ;
; Force Use of Synchronous Clear Signals                           ; Off                ; Off                ;
; Auto RAM Block Balancing                                         ; On                 ; On                 ;
; Auto RAM to Logic Cell Conversion                                ; Off                ; Off                ;
; Auto Resource Sharing                                            ; Off                ; Off                ;
; Allow Any RAM Size For Recognition                               ; Off                ; Off                ;
; Allow Any ROM Size For Recognition                               ; Off                ; Off                ;
; Allow Any Shift Register Size For Recognition                    ; Off                ; Off                ;
; Use LogicLock Constraints during Resource Balancing              ; On                 ; On                 ;
; Ignore translate_off and synthesis_off directives                ; Off                ; Off                ;
; Timing-Driven Synthesis                                          ; On                 ; On                 ;
; Report Parameter Settings                                        ; On                 ; On                 ;
; Report Source Assignments                                        ; On                 ; On                 ;
; Report Connectivity Checks                                       ; On                 ; On                 ;
; Ignore Maximum Fan-Out Assignments                               ; Off                ; Off                ;
; Synchronization Register Chain Length                            ; 2                  ; 2                  ;
; Power Optimization During Synthesis                              ; Normal compilation ; Normal compilation ;
; HDL message level                                                ; Level2             ; Level2             ;
; Suppress Register Optimization Related Messages                  ; Off                ; Off                ;
; Number of Removed Registers Reported in Synthesis Report         ; 5000               ; 5000               ;
; Number of Swept Nodes Reported in Synthesis Report               ; 5000               ; 5000               ;
; Number of Inverted Registers Reported in Synthesis Report        ; 100                ; 100                ;
; Clock MUX Protection                                             ; On                 ; On                 ;
; Auto Gated Clock Conversion                                      ; Off                ; Off                ;
; Block Design Naming                                              ; Auto               ; Auto               ;
; SDC constraint protection                                        ; Off                ; Off                ;
; Synthesis Effort                                                 ; Auto               ; Auto               ;
; Shift Register Replacement - Allow Asynchronous Clear Signal     ; On                 ; On                 ;
; Pre-Mapping Resynthesis Optimization                             ; Off                ; Off                ;
; Analysis & Synthesis Message Level                               ; Medium             ; Medium             ;
; Disable Register Merging Across Hierarchies                      ; Auto               ; Auto               ;
; Resource Aware Inference For Block RAM                           ; On                 ; On                 ;
+------------------------------------------------------------------+--------------------+--------------------+


+------------------------------------------+
; Parallel Compilation                     ;
+----------------------------+-------------+
; Processors                 ; Number      ;
+----------------------------+-------------+
; Number detected on machine ; 4           ;
; Maximum allowed            ; 4           ;
;                            ;             ;
; Average used               ; 1.00        ;
; Maximum used               ; 4           ;
;                            ;             ;
; Usage by Processor         ; % Time Used ;
;     Processor 1            ; 100.0%      ;
;     Processor 2            ;   0.0%      ;
;     Processors 3-4         ;   0.0%      ;
+----------------------------+-------------+


+------------------------------------------------------------------------------------------------------------------------------------------------------------------------------------+
; Analysis & Synthesis Source Files Read                                                                                                                                             ;
+----------------------------------+-----------------+------------------------------------+--------------------------------------------------------------------------------+---------+
; File Name with User-Entered Path ; Used in Netlist ; File Type                          ; File Name with Absolute Path                                                   ; Library ;
+----------------------------------+-----------------+------------------------------------+--------------------------------------------------------------------------------+---------+
; MMC31_Slave_R2.bdf               ; yes             ; User Block Diagram/Schematic File  ; C:/Users/subi/Desktop/31Level_Code/MMC31_Slave_FPGA_R2/MMC31_Slave_R2.bdf      ;         ;
; EMIFx_Interface.vhd              ; yes             ; User VHDL File                     ; C:/Users/subi/Desktop/31Level_Code/MMC31_Slave_FPGA_R2/EMIFx_Interface.vhd     ;         ;
; GPIOx.vhd                        ; yes             ; User VHDL File                     ; C:/Users/subi/Desktop/31Level_Code/MMC31_Slave_FPGA_R2/GPIOx.vhd               ;         ;
; Internal_Data_16Mux.vhd          ; yes             ; User VHDL File                     ; C:/Users/subi/Desktop/31Level_Code/MMC31_Slave_FPGA_R2/Internal_Data_16Mux.vhd ;         ;
+----------------------------------+-----------------+------------------------------------+--------------------------------------------------------------------------------+---------+


+----------------------------------------------------------------------------+
; Analysis & Synthesis Resource Usage Summary                                ;
+---------------------------------------------+------------------------------+
; Resource                                    ; Usage                        ;
+---------------------------------------------+------------------------------+
; Estimated Total logic elements              ; 43                           ;
;                                             ;                              ;
; Total combinational functions               ; 30                           ;
; Logic element usage by number of LUT inputs ;                              ;
;     -- 4 input functions                    ; 10                           ;
;     -- 3 input functions                    ; 2                            ;
;     -- <=2 input functions                  ; 18                           ;
;                                             ;                              ;
; Logic elements by mode                      ;                              ;
;     -- normal mode                          ; 25                           ;
;     -- arithmetic mode                      ; 5                            ;
;                                             ;                              ;
; Total registers                             ; 30                           ;
;     -- Dedicated logic registers            ; 30                           ;
;     -- I/O registers                        ; 0                            ;
;                                             ;                              ;
; I/O pins                                    ; 40                           ;
;                                             ;                              ;
; Embedded Multiplier 9-bit elements          ; 0                            ;
;                                             ;                              ;
; Maximum fan-out node                        ; EMIFx_Interface:inst|PC_EN~0 ;
; Maximum fan-out                             ; 22                           ;
; Total fan-out                               ; 259                          ;
; Average fan-out                             ; 1.62                         ;
+---------------------------------------------+------------------------------+


+-------------------------------------------------------------------------------------------------------------------------------------------------------------------------------------------------------------------------------+
; Analysis & Synthesis Resource Utilization by Entity                                                                                                                                                                           ;
+----------------------------+---------------------+---------------------------+-------------+--------------+---------+-----------+------+--------------+--------------------------------------+-----------------+--------------+
; Compilation Hierarchy Node ; Combinational ALUTs ; Dedicated Logic Registers ; Memory Bits ; DSP Elements ; DSP 9x9 ; DSP 18x18 ; Pins ; Virtual Pins ; Full Hierarchy Name                  ; Entity Name     ; Library Name ;
+----------------------------+---------------------+---------------------------+-------------+--------------+---------+-----------+------+--------------+--------------------------------------+-----------------+--------------+
; |MMC31_Slave_R2            ; 30 (0)              ; 30 (0)                    ; 0           ; 0            ; 0       ; 0         ; 40   ; 0            ; |MMC31_Slave_R2                      ; MMC31_Slave_R2  ; work         ;
;    |EMIFx_Interface:inst|  ; 12 (12)             ; 22 (22)                   ; 0           ; 0            ; 0       ; 0         ; 0    ; 0            ; |MMC31_Slave_R2|EMIFx_Interface:inst ; EMIFx_Interface ; work         ;
;    |GPIOx:inst1|           ; 18 (18)             ; 8 (8)                     ; 0           ; 0            ; 0       ; 0         ; 0    ; 0            ; |MMC31_Slave_R2|GPIOx:inst1          ; GPIOx           ; work         ;
+----------------------------+---------------------+---------------------------+-------------+--------------+---------+-----------+------+--------------+--------------------------------------+-----------------+--------------+
Note: For table entries with two numbers listed, the numbers in parentheses indicate the number of resources of the given type used by the specific entity alone. The numbers listed outside of parentheses indicate the total resources of the given type used by the specific entity and all of its sub-entities in the hierarchy.


+-----------------------------------------------------------------------------------------+
; Registers Removed During Synthesis                                                      ;
+------------------------------------------------+----------------------------------------+
; Register name                                  ; Reason for Removal                     ;
+------------------------------------------------+----------------------------------------+
; EMIFx_Interface:inst|EMXAddr_Lth[12..18,22,23] ; Stuck at GND due to stuck port data_in ;
; GPIOx:inst1|Out_Reg[4..15]                     ; Lost fanout                            ;
; GPIOx:inst1|Dir_Reg[4..15]                     ; Lost fanout                            ;
; Total Number of Removed Registers = 33         ;                                        ;
+------------------------------------------------+----------------------------------------+


+------------------------------------------------------+
; General Register Statistics                          ;
+----------------------------------------------+-------+
; Statistic                                    ; Value ;
+----------------------------------------------+-------+
; Total registers                              ; 30    ;
; Number of registers using Synchronous Clear  ; 0     ;
; Number of registers using Synchronous Load   ; 0     ;
; Number of registers using Asynchronous Clear ; 22    ;
; Number of registers using Asynchronous Load  ; 0     ;
; Number of registers using Clock Enable       ; 19    ;
; Number of registers using Preset             ; 0     ;
+----------------------------------------------+-------+


+--------------------------------------------------+
; Inverted Register Statistics                     ;
+----------------------------------------+---------+
; Inverted Register                      ; Fan out ;
+----------------------------------------+---------+
; GPIOx:inst1|Out_Reg[0]                 ; 2       ;
; GPIOx:inst1|Dir_Reg[0]                 ; 2       ;
; GPIOx:inst1|Out_Reg[1]                 ; 2       ;
; GPIOx:inst1|Dir_Reg[1]                 ; 2       ;
; GPIOx:inst1|Out_Reg[3]                 ; 2       ;
; GPIOx:inst1|Dir_Reg[3]                 ; 2       ;
; GPIOx:inst1|Out_Reg[2]                 ; 2       ;
; GPIOx:inst1|Dir_Reg[2]                 ; 2       ;
; Total number of inverted registers = 8 ;         ;
+----------------------------------------+---------+


+------------------------------------------------------------------------------------------------------------------------------------------------------+
; Multiplexer Restructuring Statistics (Restructuring Performed)                                                                                       ;
+--------------------+-----------+---------------+----------------------+------------------------+------------+----------------------------------------+
; Multiplexer Inputs ; Bus Width ; Baseline Area ; Area if Restructured ; Saving if Restructured ; Registered ; Example Multiplexer Output             ;
+--------------------+-----------+---------------+----------------------+------------------------+------------+----------------------------------------+
; 4:1                ; 4 bits    ; 8 LEs         ; 8 LEs                ; 0 LEs                  ; Yes        ; |MMC31_Slave_R2|GPIOx:inst1|Out_Reg[0] ;
+--------------------+-----------+---------------+----------------------+------------------------+------------+----------------------------------------+


+----------------------------------------------------------+
; Parameter Settings for User Entity Instance: GPIOx:inst1 ;
+----------------+------------------+----------------------+
; Parameter Name ; Value            ; Type                 ;
+----------------+------------------+----------------------+
; dir_reg_init   ; 0000000000001111 ; Unsigned Binary      ;
; out_reg_init   ; 0000000000001111 ; Unsigned Binary      ;
+----------------+------------------+----------------------+
Note: In order to hide this table in the UI and the text report file, please set the "Show Parameter Settings in Synthesis Report" option in "Analysis and Synthesis Settings -> More Settings" to "Off".


+-------------------------------------------------------------------+
; Parameter Settings for User Entity Instance: EMIFx_Interface:inst ;
+----------------+-------+------------------------------------------+
; Parameter Name ; Value ; Type                                     ;
+----------------+-------+------------------------------------------+
; pc_max         ; 1     ; Signed Integer                           ;
+----------------+-------+------------------------------------------+
Note: In order to hide this table in the UI and the text report file, please set the "Show Parameter Settings in Synthesis Report" option in "Analysis and Synthesis Settings -> More Settings" to "Off".


+-----------------------------------------------------+
; Post-Synthesis Netlist Statistics for Top Partition ;
+-----------------------+-----------------------------+
; Type                  ; Count                       ;
+-----------------------+-----------------------------+
; boundary_port         ; 40                          ;
; cycloneiii_ff         ; 30                          ;
;     CLR               ; 7                           ;
;     ENA               ; 4                           ;
;     ENA CLR           ; 15                          ;
;     plain             ; 4                           ;
; cycloneiii_io_obuf    ; 20                          ;
; cycloneiii_lcell_comb ; 31                          ;
;     arith             ; 5                           ;
;         2 data inputs ; 4                           ;
;         3 data inputs ; 1                           ;
;     normal            ; 26                          ;
;         0 data inputs ; 1                           ;
;         1 data inputs ; 7                           ;
;         2 data inputs ; 7                           ;
;         3 data inputs ; 1                           ;
;         4 data inputs ; 10                          ;
;                       ;                             ;
; Max LUT depth         ; 2.00                        ;
; Average LUT depth     ; 1.10                        ;
+-----------------------+-----------------------------+


+-------------------------------+
; Elapsed Time Per Partition    ;
+----------------+--------------+
; Partition Name ; Elapsed Time ;
+----------------+--------------+
; Top            ; 00:00:00     ;
+----------------+--------------+


+-------------------------------+
; Analysis & Synthesis Messages ;
+-------------------------------+
Info: *******************************************************************
Info: Running Quartus Prime Analysis & Synthesis
    Info: Version 18.1.0 Build 625 09/12/2018 SJ Lite Edition
    Info: Processing started: Tue Oct 27 14:04:34 2020
Info: Command: quartus_map --read_settings_files=on --write_settings_files=off MMC31_Slave_R2 -c MMC31_Slave_R2
Info (20030): Parallel compilation is enabled and will use 4 of the 4 processors detected
Info (12021): Found 1 design units, including 1 entities, in source file mmc31_slave_r2.bdf
    Info (12023): Found entity 1: MMC31_Slave_R2
Info (12021): Found 2 design units, including 1 entities, in source file emifx_interface.vhd
    Info (12022): Found design unit 1: EMIFx_Interface-arch File: C:/Users/subi/Desktop/31Level_Code/MMC31_Slave_FPGA_R2/EMIFx_Interface.vhd Line: 26
    Info (12023): Found entity 1: EMIFx_Interface File: C:/Users/subi/Desktop/31Level_Code/MMC31_Slave_FPGA_R2/EMIFx_Interface.vhd Line: 4
Info (12021): Found 2 design units, including 1 entities, in source file gpiox.vhd
    Info (12022): Found design unit 1: GPIOx-arch File: C:/Users/subi/Desktop/31Level_Code/MMC31_Slave_FPGA_R2/GPIOx.vhd Line: 21
    Info (12023): Found entity 1: GPIOx File: C:/Users/subi/Desktop/31Level_Code/MMC31_Slave_FPGA_R2/GPIOx.vhd Line: 4
Info (12021): Found 2 design units, including 1 entities, in source file internal_data_16mux.vhd
    Info (12022): Found design unit 1: Internal_Data_16Mux-arch File: C:/Users/subi/Desktop/31Level_Code/MMC31_Slave_FPGA_R2/Internal_Data_16Mux.vhd Line: 29
    Info (12023): Found entity 1: Internal_Data_16Mux File: C:/Users/subi/Desktop/31Level_Code/MMC31_Slave_FPGA_R2/Internal_Data_16Mux.vhd Line: 4
Info (12127): Elaborating entity "MMC31_Slave_R2" for the top level hierarchy
Info (12128): Elaborating entity "GPIOx" for hierarchy "GPIOx:inst1"
Info (12128): Elaborating entity "EMIFx_Interface" for hierarchy "EMIFx_Interface:inst"
Info (12128): Elaborating entity "Internal_Data_16Mux" for hierarchy "Internal_Data_16Mux:inst9"
Warning (13024): Output pins are stuck at VCC or GND
    Warning (13410): Pin "XF3" is stuck at GND
    Warning (13410): Pin "XF4" is stuck at GND
Info (286030): Timing-Driven Synthesis is running
Info (17049): 24 registers lost all their fanouts during netlist optimizations.
Info (16010): Generating hard_block partition "hard_block:auto_generated_inst"
    Info (16011): Adding 0 node(s), including 0 DDIO, 0 PLL, 0 transceiver and 0 LCELL
Info (21057): Implemented 83 device resources after synthesis - the final resource count might be different
    Info (21058): Implemented 18 input pins
    Info (21059): Implemented 2 output pins
    Info (21060): Implemented 20 bidirectional pins
    Info (21061): Implemented 43 logic cells
Info: Quartus Prime Analysis & Synthesis was successful. 0 errors, 3 warnings
    Info: Peak virtual memory: 4792 megabytes
    Info: Processing ended: Tue Oct 27 14:04:53 2020
    Info: Elapsed time: 00:00:19
    Info: Total CPU time (on all processors): 00:00:29


